<?xml version='1.0' encoding='UTF-8'?>
<testsuite hostname="Mikes-MacBook-Pro.local" name="com.mypetdefense.shipstation.OrderSpec" tests="1" errors="0" failures="0" skipped="0" time="0.386">
                     <properties>
[...]
</properties>
                     <testcase classname="com.mypetdefense.shipstation.OrderSpec" name="Order object should retrieve correct fields from ShipStation's JSON" time="0.386">
                                                 
                                               </testcase>
                     <system-out><![CDATA[]]></system-out>
                     <system-err><![CDATA[]]></system-err>
                   </testsuite>